2022-10-16 11:17:16,770 |    DEBUG | 123
2022-10-16 11:17:16,770 |     INFO | Сообщение отправлено
2022-10-16 11:17:16,771 |  WARNING | Большая нагрузка!
2022-10-16 11:17:16,771 |    ERROR | Бот не смог отправить сообщение
2022-10-16 11:17:16,771 | CRITICAL | Всё упало! Зовите админа!1!111
2022-10-16 11:17:33,150 |  WARNING | Discovery 3
2022-10-16 11:17:33,151 |    DEBUG | <TreeQuerySet [<Category: Discovery 3>]>
2022-10-16 11:21:32,350 |  WARNING | Discovery 3
2022-10-16 11:21:32,351 |    DEBUG | <TreeQuerySet [<Category: Discovery 3>]>
2022-10-16 11:21:33,762 |  WARNING | Discovery 3
2022-10-16 11:21:33,764 |    DEBUG | <TreeQuerySet [<Category: Discovery 3>]>
2022-10-16 11:21:36,934 |  WARNING | Range Rover 10 - 12
2022-10-16 11:21:36,935 |    DEBUG | <TreeQuerySet [<Category: Range Rover 10 - 12>]>
2022-10-16 11:21:37,556 |  WARNING | Range Rover 05 - 09
2022-10-16 11:21:37,559 |    DEBUG | <TreeQuerySet [<Category: Range Rover 05 - 09>]>
2022-10-16 11:21:40,954 |  WARNING | Discovery 5
2022-10-16 11:21:40,955 |    DEBUG | <TreeQuerySet [<Category: Discovery 5>]>
2022-10-16 11:21:52,103 |    DEBUG | 123
2022-10-16 11:21:52,103 |     INFO | Сообщение отправлено
2022-10-16 11:21:52,103 |  WARNING | Большая нагрузка!
2022-10-16 11:21:52,103 |    ERROR | Бот не смог отправить сообщение
2022-10-16 11:21:52,103 | CRITICAL | Всё упало! Зовите админа!1!111
2022-10-16 11:21:56,361 |    DEBUG | Discovery 3
2022-10-16 11:21:56,362 |    DEBUG | <TreeQuerySet [<Category: Discovery 3>]>
2022-10-16 11:22:10,829 |    DEBUG | 123
2022-10-16 11:22:10,829 |     INFO | Сообщение отправлено
2022-10-16 11:22:10,829 |  WARNING | Большая нагрузка!
2022-10-16 11:22:10,829 |    ERROR | Бот не смог отправить сообщение
2022-10-16 11:22:10,829 | CRITICAL | Всё упало! Зовите админа!1!111
2022-10-16 11:22:13,711 |    DEBUG | Range Rover 05 - 09
2022-10-16 11:22:13,711 |    DEBUG | <TreeQuerySet [<Category: Range Rover 05 - 09>]>
2022-10-16 11:26:17,850 |    DEBUG | 123
2022-10-16 11:26:17,850 |     INFO | Сообщение отправлено
2022-10-16 11:26:17,850 |  WARNING | Большая нагрузка!
2022-10-16 11:26:17,850 |    ERROR | Бот не смог отправить сообщение
2022-10-16 11:26:17,850 | CRITICAL | Всё упало! Зовите админа!1!111
2022-10-16 11:26:20,936 |    DEBUG | Discovery 5
2022-10-16 11:26:21,240 |    DEBUG | Discovery 5
2022-10-16 11:26:50,912 |    DEBUG | 123
2022-10-16 11:26:50,912 |     INFO | Сообщение отправлено
2022-10-16 11:26:50,912 |  WARNING | Большая нагрузка!
2022-10-16 11:26:50,912 |    ERROR | Бот не смог отправить сообщение
2022-10-16 11:26:50,912 | CRITICAL | Всё упало! Зовите админа!1!111
2022-10-16 11:26:53,221 |    DEBUG | Discovery 3
2022-10-16 11:26:53,262 |    DEBUG | Discovery 3
2022-10-16 11:28:08,490 |    DEBUG | 123
2022-10-16 11:28:08,490 |     INFO | Сообщение отправлено
2022-10-16 11:28:08,490 |  WARNING | Большая нагрузка!
2022-10-16 11:28:08,490 |    ERROR | Бот не смог отправить сообщение
2022-10-16 11:28:08,490 | CRITICAL | Всё упало! Зовите админа!1!111
2022-10-16 11:28:57,552 |    DEBUG | 123
2022-10-16 11:28:57,552 |     INFO | Сообщение отправлено
2022-10-16 11:28:57,552 |  WARNING | Большая нагрузка!
2022-10-16 11:28:57,552 |    ERROR | Бот не смог отправить сообщение
2022-10-16 11:28:57,552 | CRITICAL | Всё упало! Зовите админа!1!111
2022-10-16 11:29:02,039 |    DEBUG | Discovery 3
2022-10-16 11:29:04,554 |    DEBUG | Discovery 4
2022-10-16 11:29:06,532 |    DEBUG | Discovery 3
2022-10-16 11:29:10,708 |    DEBUG | Discovery 5
2022-10-16 11:29:34,619 |    DEBUG | 123
2022-10-16 11:29:34,619 |     INFO | Сообщение отправлено
2022-10-16 11:29:34,619 |  WARNING | Большая нагрузка!
2022-10-16 11:29:34,619 |    ERROR | Бот не смог отправить сообщение
2022-10-16 11:29:34,619 | CRITICAL | Всё упало! Зовите админа!1!111
2022-10-16 11:29:37,246 |    DEBUG | Discovery 5
2022-10-16 11:29:37,289 |    DEBUG | <QuerySet [<Product: Бампер>, <Product: Болт>, <Product: Гайка>]>
2022-10-16 11:29:38,457 |    DEBUG | Discovery 5
2022-10-16 11:29:38,498 |    DEBUG | <QuerySet [<Product: Бампер>, <Product: Болт>, <Product: Гайка>]>
2022-10-16 11:29:41,378 |    DEBUG | Discovery 3
2022-10-16 11:29:41,418 |    DEBUG | <QuerySet [<Product: Бампер>, <Product: Болт>, <Product: Гайка>]>
2022-10-16 11:29:45,754 |    DEBUG | Discovery 5
2022-10-16 11:29:45,806 |    DEBUG | <QuerySet [<Product: Бампер>, <Product: Болт>, <Product: Гайка>]>
2022-10-16 11:30:08,611 |    DEBUG | 123
2022-10-16 11:30:08,611 |     INFO | Сообщение отправлено
2022-10-16 11:30:08,611 |  WARNING | Большая нагрузка!
2022-10-16 11:30:08,611 |    ERROR | Бот не смог отправить сообщение
2022-10-16 11:30:08,611 | CRITICAL | Всё упало! Зовите админа!1!111
2022-10-16 11:30:11,957 |     INFO | Discovery 4
2022-10-16 11:30:11,958 |    DEBUG | Discovery 4
2022-10-16 11:30:12,000 |    DEBUG | <QuerySet [<Product: Бампер>, <Product: Болт>, <Product: Гайка>]>
2022-10-16 11:30:29,414 |    DEBUG | 123
2022-10-16 11:30:29,414 |     INFO | Сообщение отправлено
2022-10-16 11:30:29,414 |  WARNING | Большая нагрузка!
2022-10-16 11:30:29,414 |    ERROR | Бот не смог отправить сообщение
2022-10-16 11:30:29,414 | CRITICAL | Всё упало! Зовите админа!1!111
2022-10-16 11:30:33,156 |     INFO | Discovery 4
2022-10-16 11:30:33,156 |    DEBUG | Discovery 4
2022-10-16 11:30:33,196 |     INFO | 6
2022-10-16 11:30:33,197 |    DEBUG | <QuerySet [<Product: Бампер>, <Product: Болт>, <Product: Гайка>]>
2022-10-16 11:30:52,253 |    DEBUG | 123
2022-10-16 11:30:52,253 |     INFO | Сообщение отправлено
2022-10-16 11:30:52,253 |  WARNING | Большая нагрузка!
2022-10-16 11:30:52,253 |    ERROR | Бот не смог отправить сообщение
2022-10-16 11:30:52,253 | CRITICAL | Всё упало! Зовите админа!1!111
2022-10-16 11:30:54,527 |     INFO | Discovery 4
2022-10-16 11:30:54,527 |    DEBUG | Discovery 4
2022-10-16 11:30:54,568 |     INFO | 6
2022-10-16 11:30:54,569 |    DEBUG | <QuerySet [<Product: Бампер>, <Product: Болт>, <Product: Гайка>]>
2022-10-16 11:31:00,970 |     INFO | None
2022-10-16 11:31:03,292 |     INFO | Discovery 4
2022-10-16 11:31:03,292 |    DEBUG | Discovery 4
2022-10-16 11:31:03,334 |     INFO | 6
2022-10-16 11:31:03,336 |    DEBUG | <QuerySet [<Product: Бампер>, <Product: Болт>, <Product: Гайка>]>
2022-10-16 11:31:11,760 |     INFO | Discovery 3
2022-10-16 11:31:11,761 |    DEBUG | Discovery 3
2022-10-16 11:31:11,808 |     INFO | 5
2022-10-16 11:31:11,810 |    DEBUG | <QuerySet [<Product: Бампер>, <Product: Болт>, <Product: Гайка>]>
2022-10-16 11:31:26,524 |    DEBUG | 123
2022-10-16 11:31:26,524 |     INFO | Сообщение отправлено
2022-10-16 11:31:26,524 |  WARNING | Большая нагрузка!
2022-10-16 11:31:26,525 |    ERROR | Бот не смог отправить сообщение
2022-10-16 11:31:26,525 | CRITICAL | Всё упало! Зовите админа!1!111
2022-10-16 11:31:28,654 |    DEBUG | Discovery 3
2022-10-16 11:31:28,699 |     INFO | 5
2022-10-16 11:31:28,700 |    DEBUG | <QuerySet [<Product: Бампер>, <Product: Болт>, <Product: Гайка>]>
2022-10-16 11:31:31,397 |    DEBUG | Discovery 3
2022-10-16 11:31:31,439 |     INFO | 5
2022-10-16 11:31:31,441 |    DEBUG | <QuerySet [<Product: Бампер>, <Product: Болт>, <Product: Гайка>]>
2022-10-16 11:31:57,179 |    DEBUG | Discovery 4
2022-10-16 11:31:57,222 |     INFO | 6
2022-10-16 11:31:57,223 |    DEBUG | <QuerySet [<Product: Бампер>, <Product: Болт>, <Product: Гайка>]>
2022-10-16 11:32:26,120 |    DEBUG | 123
2022-10-16 11:32:26,120 |     INFO | Сообщение отправлено
2022-10-16 11:32:26,120 |  WARNING | Большая нагрузка!
2022-10-16 11:32:26,120 |    ERROR | Бот не смог отправить сообщение
2022-10-16 11:32:26,120 | CRITICAL | Всё упало! Зовите админа!1!111
2022-10-16 11:32:28,363 |    DEBUG | Discovery 3
2022-10-16 11:32:28,400 |     INFO | 5
2022-10-16 11:32:28,400 |    DEBUG | <QuerySet [<Product: Бампер>, <Product: Болт>, <Product: Гайка>]>
2022-10-16 11:32:30,780 |    DEBUG | Discovery 5
2022-10-16 11:32:30,820 |     INFO | 7
2022-10-16 11:32:30,821 |    DEBUG | <QuerySet [<Product: Бампер>, <Product: Болт>, <Product: Гайка>]>
2022-10-16 11:32:32,877 |    DEBUG | Discovery 4
2022-10-16 11:32:32,917 |     INFO | 6
2022-10-16 11:32:32,918 |    DEBUG | <QuerySet [<Product: Бампер>, <Product: Болт>, <Product: Гайка>]>
2022-10-16 11:32:50,027 |    DEBUG | 123
2022-10-16 11:32:50,027 |     INFO | Сообщение отправлено
2022-10-16 11:32:50,027 |  WARNING | Большая нагрузка!
2022-10-16 11:32:50,027 |    ERROR | Бот не смог отправить сообщение
2022-10-16 11:32:50,027 | CRITICAL | Всё упало! Зовите админа!1!111
2022-10-16 11:33:08,621 |    DEBUG | 123
2022-10-16 11:33:08,621 |     INFO | Сообщение отправлено
2022-10-16 11:33:08,621 |  WARNING | Большая нагрузка!
2022-10-16 11:33:08,621 |    ERROR | Бот не смог отправить сообщение
2022-10-16 11:33:08,621 | CRITICAL | Всё упало! Зовите админа!1!111
2022-10-16 11:33:17,084 |    DEBUG | 123
2022-10-16 11:33:17,084 |     INFO | Сообщение отправлено
2022-10-16 11:33:17,084 |  WARNING | Большая нагрузка!
2022-10-16 11:33:17,084 |    ERROR | Бот не смог отправить сообщение
2022-10-16 11:33:17,084 | CRITICAL | Всё упало! Зовите админа!1!111
2022-10-16 11:33:23,314 |    DEBUG | <QuerySet [<Product: Бампер>, <Product: Болт>, <Product: Гайка>]>
2022-10-16 11:33:25,626 |    DEBUG | <QuerySet [<Product: Бампер>, <Product: Болт>, <Product: Гайка>]>
2022-10-16 11:33:27,921 |    DEBUG | <QuerySet [<Product: Бампер>, <Product: Болт>, <Product: Гайка>]>
